<?xml version="1.0" encoding="UTF-8"?>
<!-- Generated by org.testng.reporters.JUnitReportReporter -->
<testsuite hostname="MSI" failures="0" tests="1" name="testCases_ReservationDispatchFollow.TC_013_reservationArrivalsTestCase" time="30.681" errors="0" timestamp="2023-05-18T17:13:32 IST" skipped="0">
  <testcase classname="testCases_ReservationDispatchFollow.TC_013_reservationArrivalsTestCase" name="validateArrivalswithvaliddata" time="30.681"/>
  <system-out/>
</testsuite> <!-- testCases_ReservationDispatchFollow.TC_013_reservationArrivalsTestCase -->
