<?xml version="1.0" encoding="UTF-8"?>
<!-- Generated by org.testng.reporters.JUnitReportReporter -->
<testsuite hostname="MSI" failures="0" tests="1" name="testCases.TC_004_ReservationGrid" time="8.044" errors="0" timestamp="2023-04-13T14:37:33 IST" skipped="0">
  <testcase classname="testCases.TC_004_ReservationGrid" name="ValidateSearchingWithANonExistingUnitName" time="8.044"/>
  <system-out/>
</testsuite> <!-- testCases.TC_004_ReservationGrid -->
