<?xml version="1.0" encoding="UTF-8"?>
<!-- Generated by org.testng.reporters.JUnitReportReporter -->
<testsuite hostname="MSI" failures="0" tests="3" name="testCases.TC_010_reservationGridHoldPage" time="94.376" errors="0" timestamp="2023-05-09T17:05:27 IST" skipped="0">
  <testcase classname="testCases.TC_010_reservationGridHoldPage" name="validateTheHoldOption" time="30.536"/>
  <system-out/>
  <testcase classname="testCases.TC_010_reservationGridHoldPage" name="validateTheCreateHoldUsingValidCredentials" time="28.819"/>
  <system-out/>
  <testcase classname="testCases.TC_010_reservationGridHoldPage" name="deleteHoldReservation" time="35.021"/>
  <system-out/>
</testsuite> <!-- testCases.TC_010_reservationGridHoldPage -->
