<?xml version="1.0" encoding="UTF-8"?>
<!-- Generated by org.testng.reporters.JUnitReportReporter -->
<testsuite hostname="MSI" failures="0" tests="1" name="testCases.TC005ReservationGrideWithQuickQuote" time="5.770" errors="0" timestamp="2023-04-11T12:20:34 IST" skipped="0">
  <testcase classname="testCases.TC005ReservationGrideWithQuickQuote" name="verifywithvalidquickquote" time="5.770"/>
  <system-out/>
</testsuite> <!-- testCases.TC005ReservationGrideWithQuickQuote -->
