<?xml version="1.0" encoding="UTF-8"?>
<!-- Generated by org.testng.reporters.JUnitReportReporter -->
<testsuite hostname="MSI" failures="0" tests="1" name="testCases.Disptch" time="19.518" errors="0" timestamp="2023-05-16T12:37:01 IST" skipped="0">
  <testcase classname="testCases.Disptch" name="scrollLeft" time="19.518"/>
  <system-out/>
</testsuite> <!-- testCases.Disptch -->
