<?xml version="1.0" encoding="UTF-8"?>
<!-- Generated by org.testng.reporters.JUnitReportReporter -->
<testsuite hostname="MSI" failures="0" tests="1" name="testCases.TC_009_CustomeDispatchInspectorPage" time="2.940" errors="0" timestamp="2023-05-03T16:14:55 IST" skipped="0">
  <testcase classname="testCases.TC_009_CustomeDispatchInspectorPage" name="validateNewAssignmenIntoTheApplicationUsingValidCredentialsForInspectorOption" time="2.940"/>
  <system-out/>
</testsuite> <!-- testCases.TC_009_CustomeDispatchInspectorPage -->
