<?xml version="1.0" encoding="UTF-8"?>
<!-- Generated by org.testng.reporters.JUnitReportReporter -->
<testsuite hostname="MSI" failures="0" tests="1" name="testCases.TC_007_ReservationGridPagewithreservation" time="75.012" errors="0" timestamp="2023-05-16T16:53:07 IST" skipped="0">
  <testcase classname="testCases.TC_007_ReservationGridPagewithreservation" name="verifyQuotewithvalidatedata" time="75.012"/>
  <system-out/>
</testsuite> <!-- testCases.TC_007_ReservationGridPagewithreservation -->
