<?xml version="1.0" encoding="UTF-8"?>
<!-- Generated by org.testng.reporters.JUnitReportReporter -->
<testsuite hostname="MSI" failures="0" tests="1" name="testCases.tets" time="0.005" errors="0" timestamp="2023-04-10T13:55:40 IST" skipped="0">
  <testcase classname="testCases.tets" name="test" time="0.005"/>
  <system-out/>
</testsuite> <!-- testCases.tets -->
