<?xml version="1.0" encoding="UTF-8"?>
<!-- Generated by org.testng.reporters.JUnitReportReporter -->
<testsuite hostname="MSI" failures="0" tests="1" name="testCases.TC_001_LoginPage" time="5.451" errors="0" timestamp="2023-04-11T13:14:44 IST" skipped="0">
  <testcase classname="testCases.TC_001_LoginPage" name="verifyLoginWithvaliddata" time="5.451"/>
  <system-out/>
</testsuite> <!-- testCases.TC_001_LoginPage -->
