<?xml version="1.0" encoding="UTF-8"?>
<!-- Generated by org.testng.reporters.JUnitReportReporter -->
<testsuite hostname="MSI" failures="0" tests="1" name="testCases_ReservationDispatchFollow.TC_012_reservationHousekeepingTestCase" time="51.232" errors="0" timestamp="2023-05-17T14:22:01 IST" skipped="0">
  <testcase classname="testCases_ReservationDispatchFollow.TC_012_reservationHousekeepingTestCase" name="validatereservationtoHousekeepingwithValidCredentials" time="51.232"/>
  <system-out/>
</testsuite> <!-- testCases_ReservationDispatchFollow.TC_012_reservationHousekeepingTestCase -->
