<?xml version="1.0" encoding="UTF-8"?>
<!-- Generated by org.testng.reporters.JUnitReportReporter -->
<testsuite hostname="MSI" failures="0" tests="1" name="testCases.TC_008_CustomeDispatchPage" time="1.478" errors="0" timestamp="2023-05-03T11:26:18 IST" skipped="0">
  <testcase classname="testCases.TC_008_CustomeDispatchPage" name="verifyHousekeepinWithoutProvidData" time="1.478"/>
  <system-out/>
</testsuite> <!-- testCases.TC_008_CustomeDispatchPage -->
