<?xml version="1.0" encoding="UTF-8"?>
<!-- Generated by org.testng.reporters.JUnitReportReporter -->
<testsuite hostname="MSI" failures="0" tests="1" name="testCases_ReservationDispatchFollow.TC_014_reservationReadyTestCase" time="19.752" errors="0" timestamp="2023-05-19T16:03:40 IST" skipped="0">
  <testcase classname="testCases_ReservationDispatchFollow.TC_014_reservationReadyTestCase" name="validateArrivalswithvaliddata" time="19.752"/>
  <system-out/>
</testsuite> <!-- testCases_ReservationDispatchFollow.TC_014_reservationReadyTestCase -->
