<?xml version="1.0" encoding="UTF-8"?>
<!-- Generated by org.testng.reporters.JUnitReportReporter -->
<testsuite hostname="MSI" failures="0" tests="1" name="testCases_ArrivalDeparture.TC_015_arrivalDepartureTestCase" time="41.877" errors="0" timestamp="2023-05-25T12:51:22 IST" skipped="0">
  <testcase classname="testCases_ArrivalDeparture.TC_015_arrivalDepartureTestCase" name="validateArrivalDeparturePage" time="41.877"/>
  <system-out/>
</testsuite> <!-- testCases_ArrivalDeparture.TC_015_arrivalDepartureTestCase -->
