<?xml version="1.0" encoding="UTF-8"?>
<!-- Generated by org.testng.reporters.JUnitReportReporter -->
<testsuite hostname="MSI" failures="0" tests="6" name="testCases.TC_001_LoginPage" time="63.528" errors="0" timestamp="2023-05-10T11:22:28 IST" skipped="0">
  <testcase classname="testCases.TC_001_LoginPage" name="validateLoggingIntoTheApplicationUsingValidCredentials" time="13.799"/>
  <system-out/>
  <testcase classname="testCases.TC_001_LoginPage" name="ValidateLoggingIntoTheApplicationUsingInvalidCredentials" time="7.352"/>
  <system-out/>
  <testcase classname="testCases.TC_001_LoginPage" name="ValidateLoggingIntoTheApplicationWithSelectDropdown" time="11.735"/>
  <system-out/>
  <testcase classname="testCases.TC_001_LoginPage" name="ValidateLoggingIntoTheApplicationUsingInvalidEmailAddressValidPassword" time="7.063"/>
  <system-out/>
  <testcase classname="testCases.TC_001_LoginPage" name="ValidateLoggingIntoTheApplicationUsingvalidEmailAddressInvalidPassword" time="11.826"/>
  <system-out/>
  <testcase classname="testCases.TC_001_LoginPage" name="ValidateLoggingIntoTheApplicationWithoutProvidingAnyCredentials" time="11.753"/>
  <system-out/>
</testsuite> <!-- testCases.TC_001_LoginPage -->
