<?xml version="1.0" encoding="UTF-8"?>
<!-- Generated by org.testng.reporters.JUnitReportReporter -->
<testsuite hostname="MSI" failures="0" tests="1" name="testCases_ArrivalDeparture.TC_016_DDTestArrivalDeparture" time="59.710" errors="0" timestamp="2023-06-05T17:10:03 IST" skipped="0">
  <testcase classname="testCases_ArrivalDeparture.TC_016_DDTestArrivalDeparture" name="writeArrivalDepartureData" time="59.710"/>
  <system-out/>
</testsuite> <!-- testCases_ArrivalDeparture.TC_016_DDTestArrivalDeparture -->
